[debug] [2026-06-23T11:18:16.860Z] ----------------------------------------------------------------------
[debug] [2026-06-23T11:18:16.863Z] Command:       C:\Program Files\nodejs\node.exe C:\Users\Dell\AppData\Roaming\npm\node_modules\firebase-tools\lib\bin\firebase.js init
[debug] [2026-06-23T11:18:16.863Z] CLI Version:   15.22.1
[debug] [2026-06-23T11:18:16.863Z] Platform:      win32
[debug] [2026-06-23T11:18:16.863Z] Node Version:  v20.19.0
[debug] [2026-06-23T11:18:16.863Z] Detected Agent: unknown
[debug] [2026-06-23T11:18:16.864Z] Time:          Tue Jun 23 2026 16:48:16 GMT+0530 (India Standard Time)
[debug] [2026-06-23T11:18:16.864Z] ----------------------------------------------------------------------
[debug] 
[debug] [2026-06-23T11:18:16.866Z] >>> [apiv2][query] GET https://firebase-public.firebaseio.com/cli.json [none]
[info] 
     ######## #### ########  ######## ########     ###     ######  ########
     ##        ##  ##     ## ##       ##     ##  ##   ##  ##       ##
     ######    ##  ########  ######   ########  #########  ######  ######
     ##        ##  ##    ##  ##       ##     ## ##     ##       ## ##
     ##       #### ##     ## ######## ########  ##     ##  ######  ########

You're about to initialize a Firebase project in this directory:

  E:\chatbox\chat-box

[debug] [2026-06-23T11:18:23.394Z] <<< [apiv2][status] GET https://firebase-public.firebaseio.com/cli.json 200
[debug] [2026-06-23T11:18:23.394Z] <<< [apiv2][body] GET https://firebase-public.firebaseio.com/cli.json {"cloudBuildErrorAfter":1594252800000,"cloudBuildWarnAfter":1590019200000,"defaultNode10After":1594252800000,"minVersion":"3.0.5","node8DeploysDisabledAfter":1613390400000,"node8RuntimeDisabledAfter":1615809600000,"node8WarnAfter":1600128000000}
[debug] [2026-06-23T11:18:45.015Z] ExitPromptError: User force closed the prompt with SIGINT
    at Interface.sigint (C:\Users\Dell\AppData\Roaming\npm\node_modules\firebase-tools\node_modules\@inquirer\core\dist\commonjs\lib\create-prompt.js:101:37)
    at Interface.emit (node:events:524:28)
    at [_ttyWrite] [as _ttyWrite] (node:internal/readline/interface:1125:18)
    at ReadStream.onkeypress (node:internal/readline/interface:264:20)
    at ReadStream.emit (node:events:536:35)
    at emitKeys (node:internal/readline/utils:371:14)
    at emitKeys.next (<anonymous>)
    at ReadStream.onData (node:internal/readline/emitKeypressEvents:64:36)
    at ReadStream.emit (node:events:524:28)
    at addChunk (node:internal/streams/readable:561:12)
[error] 
[error] Error: An unexpected error has occurred.
